Thu Apr 10 17:48:46 UTC 2025
Fri Apr 11 13:17:37 UTC 2025
Sat Apr 12 13:02:02 UTC 2025
Sun Apr 13 13:03:19 UTC 2025
Mon Apr 14 13:35:46 UTC 2025
Tue Apr 15 13:35:38 UTC 2025
Wed Apr 16 13:34:30 UTC 2025
Thu Apr 17 13:18:25 UTC 2025
Fri Apr 18 13:14:54 UTC 2025
Sat Apr 19 13:02:16 UTC 2025
Sun Apr 20 13:05:04 UTC 2025
Mon Apr 21 13:16:50 UTC 2025
Tue Apr 22 13:19:49 UTC 2025
Wed Apr 23 13:35:25 UTC 2025
Thu Apr 24 13:36:03 UTC 2025
Fri Apr 25 13:18:35 UTC 2025
Sat Apr 26 13:03:34 UTC 2025
Sun Apr 27 13:04:10 UTC 2025
Mon Apr 28 13:49:49 UTC 2025
Tue Apr 29 13:44:04 UTC 2025
Wed Apr 30 13:19:07 UTC 2025
Thu May  1 13:17:28 UTC 2025
Fri May  2 13:18:33 UTC 2025
Sat May  3 13:04:51 UTC 2025
Sun May  4 13:13:33 UTC 2025
Mon May  5 13:36:00 UTC 2025
Tue May  6 13:38:49 UTC 2025
Wed May  7 13:42:01 UTC 2025
Thu May  8 13:34:51 UTC 2025
